13-Nov-2019 15:26:52.838 INFO [main] org.apache.catalina.startup.VersionLoggerListener.log Server version name:   Apache Tomcat/9.0.27
13-Nov-2019 15:26:52.853 INFO [main] org.apache.catalina.startup.VersionLoggerListener.log Server built:          Oct 7 2019 09:57:22 UTC
13-Nov-2019 15:26:52.853 INFO [main] org.apache.catalina.startup.VersionLoggerListener.log Server version number: 9.0.27.0
13-Nov-2019 15:26:52.853 INFO [main] org.apache.catalina.startup.VersionLoggerListener.log OS Name:               Windows 10
13-Nov-2019 15:26:52.854 INFO [main] org.apache.catalina.startup.VersionLoggerListener.log OS Version:            10.0
13-Nov-2019 15:26:52.854 INFO [main] org.apache.catalina.startup.VersionLoggerListener.log Architecture:          amd64
13-Nov-2019 15:26:52.854 INFO [main] org.apache.catalina.startup.VersionLoggerListener.log Java Home:             C:\Program Files\Java\jre1.8.0_181
13-Nov-2019 15:26:52.854 INFO [main] org.apache.catalina.startup.VersionLoggerListener.log JVM Version:           1.8.0_181-b13
13-Nov-2019 15:26:52.854 INFO [main] org.apache.catalina.startup.VersionLoggerListener.log JVM Vendor:            Oracle Corporation
13-Nov-2019 15:26:52.854 INFO [main] org.apache.catalina.startup.VersionLoggerListener.log CATALINA_BASE:         C:\Program Files\Apache Software Foundation\Tomcat 9.0
13-Nov-2019 15:26:52.854 INFO [main] org.apache.catalina.startup.VersionLoggerListener.log CATALINA_HOME:         C:\Program Files\Apache Software Foundation\Tomcat 9.0
13-Nov-2019 15:26:52.867 INFO [main] org.apache.catalina.startup.VersionLoggerListener.log Command line argument: -Dcatalina.home=C:\Program Files\Apache Software Foundation\Tomcat 9.0
13-Nov-2019 15:26:52.868 INFO [main] org.apache.catalina.startup.VersionLoggerListener.log Command line argument: -Dcatalina.base=C:\Program Files\Apache Software Foundation\Tomcat 9.0
13-Nov-2019 15:26:52.868 INFO [main] org.apache.catalina.startup.VersionLoggerListener.log Command line argument: -Djava.io.tmpdir=C:\Program Files\Apache Software Foundation\Tomcat 9.0\temp
13-Nov-2019 15:26:52.868 INFO [main] org.apache.catalina.startup.VersionLoggerListener.log Command line argument: -Djava.util.logging.manager=org.apache.juli.ClassLoaderLogManager
13-Nov-2019 15:26:52.868 INFO [main] org.apache.catalina.startup.VersionLoggerListener.log Command line argument: -Djava.util.logging.config.file=C:\Program Files\Apache Software Foundation\Tomcat 9.0\conf\logging.properties
13-Nov-2019 15:26:52.868 INFO [main] org.apache.catalina.startup.VersionLoggerListener.log Command line argument: exit
13-Nov-2019 15:26:52.868 INFO [main] org.apache.catalina.startup.VersionLoggerListener.log Command line argument: abort
13-Nov-2019 15:26:52.868 INFO [main] org.apache.catalina.startup.VersionLoggerListener.log Command line argument: -Xms128m
13-Nov-2019 15:26:52.868 INFO [main] org.apache.catalina.startup.VersionLoggerListener.log Command line argument: -Xmx256m
13-Nov-2019 15:26:52.868 INFO [main] org.apache.catalina.core.AprLifecycleListener.lifecycleEvent Loaded APR based Apache Tomcat Native library [1.2.23] using APR version [1.7.0].
13-Nov-2019 15:26:52.868 INFO [main] org.apache.catalina.core.AprLifecycleListener.lifecycleEvent APR capabilities: IPv6 [true], sendfile [true], accept filters [false], random [true].
13-Nov-2019 15:26:52.868 INFO [main] org.apache.catalina.core.AprLifecycleListener.lifecycleEvent APR/OpenSSL configuration: useAprConnector [false], useOpenSSL [true]
13-Nov-2019 15:26:52.873 INFO [main] org.apache.catalina.core.AprLifecycleListener.initializeSSL OpenSSL successfully initialized [OpenSSL 1.1.1c  28 May 2019]
13-Nov-2019 15:26:53.392 INFO [main] org.apache.coyote.AbstractProtocol.init Initializing ProtocolHandler ["http-nio-8080"]
13-Nov-2019 15:26:53.539 INFO [main] org.apache.coyote.AbstractProtocol.init Initializing ProtocolHandler ["ajp-nio-8009"]
13-Nov-2019 15:26:53.545 INFO [main] org.apache.catalina.startup.Catalina.load Server initialization in [988] milliseconds
13-Nov-2019 15:26:53.603 INFO [main] org.apache.catalina.core.StandardService.startInternal Starting service [Catalina]
13-Nov-2019 15:26:53.604 INFO [main] org.apache.catalina.core.StandardEngine.startInternal Starting Servlet engine: [Apache Tomcat/9.0.27]
13-Nov-2019 15:26:53.617 INFO [main] org.apache.catalina.startup.HostConfig.deployDirectory Deploying web application directory [C:\Program Files\Apache Software Foundation\Tomcat 9.0\webapps\docs]
13-Nov-2019 15:26:53.958 INFO [main] org.apache.catalina.startup.HostConfig.deployDirectory Deployment of web application directory [C:\Program Files\Apache Software Foundation\Tomcat 9.0\webapps\docs] has finished in [341] ms
13-Nov-2019 15:26:53.959 INFO [main] org.apache.catalina.startup.HostConfig.deployDirectory Deploying web application directory [C:\Program Files\Apache Software Foundation\Tomcat 9.0\webapps\examples]
13-Nov-2019 15:26:55.195 INFO [main] org.apache.catalina.startup.HostConfig.deployDirectory Deployment of web application directory [C:\Program Files\Apache Software Foundation\Tomcat 9.0\webapps\examples] has finished in [1,235] ms
13-Nov-2019 15:26:55.195 INFO [main] org.apache.catalina.startup.HostConfig.deployDirectory Deploying web application directory [C:\Program Files\Apache Software Foundation\Tomcat 9.0\webapps\host-manager]
13-Nov-2019 15:26:55.270 INFO [main] org.apache.catalina.startup.HostConfig.deployDirectory Deployment of web application directory [C:\Program Files\Apache Software Foundation\Tomcat 9.0\webapps\host-manager] has finished in [75] ms
13-Nov-2019 15:26:55.271 INFO [main] org.apache.catalina.startup.HostConfig.deployDirectory Deploying web application directory [C:\Program Files\Apache Software Foundation\Tomcat 9.0\webapps\manager]
13-Nov-2019 15:26:55.324 INFO [main] org.apache.catalina.startup.HostConfig.deployDirectory Deployment of web application directory [C:\Program Files\Apache Software Foundation\Tomcat 9.0\webapps\manager] has finished in [54] ms
13-Nov-2019 15:26:55.325 INFO [main] org.apache.catalina.startup.HostConfig.deployDirectory Deploying web application directory [C:\Program Files\Apache Software Foundation\Tomcat 9.0\webapps\ROOT]
13-Nov-2019 15:26:55.363 INFO [main] org.apache.catalina.startup.HostConfig.deployDirectory Deployment of web application directory [C:\Program Files\Apache Software Foundation\Tomcat 9.0\webapps\ROOT] has finished in [38] ms
13-Nov-2019 15:26:55.366 INFO [main] org.apache.coyote.AbstractProtocol.start Starting ProtocolHandler ["http-nio-8080"]
13-Nov-2019 15:26:55.374 INFO [main] org.apache.coyote.AbstractProtocol.start Starting ProtocolHandler ["ajp-nio-8009"]
13-Nov-2019 15:26:55.377 INFO [main] org.apache.catalina.startup.Catalina.start Server startup in [1,832] milliseconds
13-Nov-2019 15:55:57.852 INFO [main] org.apache.catalina.startup.VersionLoggerListener.log Server version name:   Apache Tomcat/9.0.27
13-Nov-2019 15:55:57.856 INFO [main] org.apache.catalina.startup.VersionLoggerListener.log Server built:          Oct 7 2019 09:57:22 UTC
13-Nov-2019 15:55:57.856 INFO [main] org.apache.catalina.startup.VersionLoggerListener.log Server version number: 9.0.27.0
13-Nov-2019 15:55:57.856 INFO [main] org.apache.catalina.startup.VersionLoggerListener.log OS Name:               Windows 10
13-Nov-2019 15:55:57.857 INFO [main] org.apache.catalina.startup.VersionLoggerListener.log OS Version:            10.0
13-Nov-2019 15:55:57.857 INFO [main] org.apache.catalina.startup.VersionLoggerListener.log Architecture:          amd64
13-Nov-2019 15:55:57.857 INFO [main] org.apache.catalina.startup.VersionLoggerListener.log Java Home:             C:\Program Files\Java\jre1.8.0_181
13-Nov-2019 15:55:57.857 INFO [main] org.apache.catalina.startup.VersionLoggerListener.log JVM Version:           1.8.0_181-b13
13-Nov-2019 15:55:57.857 INFO [main] org.apache.catalina.startup.VersionLoggerListener.log JVM Vendor:            Oracle Corporation
13-Nov-2019 15:55:57.857 INFO [main] org.apache.catalina.startup.VersionLoggerListener.log CATALINA_BASE:         E:\MasterCard\Tomcat 9.0
13-Nov-2019 15:55:57.858 INFO [main] org.apache.catalina.startup.VersionLoggerListener.log CATALINA_HOME:         E:\MasterCard\Tomcat 9.0
13-Nov-2019 15:55:57.867 INFO [main] org.apache.catalina.startup.VersionLoggerListener.log Command line argument: -Djava.util.logging.config.file=E:\MasterCard\Tomcat 9.0\conf\logging.properties
13-Nov-2019 15:55:57.867 INFO [main] org.apache.catalina.startup.VersionLoggerListener.log Command line argument: -Djava.util.logging.manager=org.apache.juli.ClassLoaderLogManager
13-Nov-2019 15:55:57.867 INFO [main] org.apache.catalina.startup.VersionLoggerListener.log Command line argument: -Djdk.tls.ephemeralDHKeySize=2048
13-Nov-2019 15:55:57.867 INFO [main] org.apache.catalina.startup.VersionLoggerListener.log Command line argument: -Djava.protocol.handler.pkgs=org.apache.catalina.webresources
13-Nov-2019 15:55:57.868 INFO [main] org.apache.catalina.startup.VersionLoggerListener.log Command line argument: -Dignore.endorsed.dirs=
13-Nov-2019 15:55:57.868 INFO [main] org.apache.catalina.startup.VersionLoggerListener.log Command line argument: -Dcatalina.base=E:\MasterCard\Tomcat 9.0
13-Nov-2019 15:55:57.868 INFO [main] org.apache.catalina.startup.VersionLoggerListener.log Command line argument: -Dcatalina.home=E:\MasterCard\Tomcat 9.0
13-Nov-2019 15:55:57.869 INFO [main] org.apache.catalina.startup.VersionLoggerListener.log Command line argument: -Djava.io.tmpdir=E:\MasterCard\Tomcat 9.0\temp
13-Nov-2019 15:55:57.870 INFO [main] org.apache.catalina.core.AprLifecycleListener.lifecycleEvent Loaded APR based Apache Tomcat Native library [1.2.23] using APR version [1.7.0].
13-Nov-2019 15:55:57.870 INFO [main] org.apache.catalina.core.AprLifecycleListener.lifecycleEvent APR capabilities: IPv6 [true], sendfile [true], accept filters [false], random [true].
13-Nov-2019 15:55:57.870 INFO [main] org.apache.catalina.core.AprLifecycleListener.lifecycleEvent APR/OpenSSL configuration: useAprConnector [false], useOpenSSL [true]
13-Nov-2019 15:55:57.922 INFO [main] org.apache.catalina.core.AprLifecycleListener.initializeSSL OpenSSL successfully initialized [OpenSSL 1.1.1c  28 May 2019]
13-Nov-2019 15:55:58.414 INFO [main] org.apache.coyote.AbstractProtocol.init Initializing ProtocolHandler ["http-nio-8080"]
13-Nov-2019 15:55:58.531 SEVERE [main] org.apache.catalina.util.LifecycleBase.handleSubClassException Failed to initialize component [Connector[HTTP/1.1-8080]]
	org.apache.catalina.LifecycleException: Protocol handler initialization failed
		at org.apache.catalina.connector.Connector.initInternal(Connector.java:983)
		at org.apache.catalina.util.LifecycleBase.init(LifecycleBase.java:136)
		at org.apache.catalina.core.StandardService.initInternal(StandardService.java:533)
		at org.apache.catalina.util.LifecycleBase.init(LifecycleBase.java:136)
		at org.apache.catalina.core.StandardServer.initInternal(StandardServer.java:1057)
		at org.apache.catalina.util.LifecycleBase.init(LifecycleBase.java:136)
		at org.apache.catalina.startup.Catalina.load(Catalina.java:584)
		at org.apache.catalina.startup.Catalina.load(Catalina.java:607)
		at sun.reflect.NativeMethodAccessorImpl.invoke0(Native Method)
		at sun.reflect.NativeMethodAccessorImpl.invoke(Unknown Source)
		at sun.reflect.DelegatingMethodAccessorImpl.invoke(Unknown Source)
		at java.lang.reflect.Method.invoke(Unknown Source)
		at org.apache.catalina.startup.Bootstrap.load(Bootstrap.java:304)
		at org.apache.catalina.startup.Bootstrap.main(Bootstrap.java:474)
	Caused by: java.net.BindException: Address already in use: bind
		at sun.nio.ch.Net.bind0(Native Method)
		at sun.nio.ch.Net.bind(Unknown Source)
		at sun.nio.ch.Net.bind(Unknown Source)
		at sun.nio.ch.ServerSocketChannelImpl.bind(Unknown Source)
		at sun.nio.ch.ServerSocketAdaptor.bind(Unknown Source)
		at org.apache.tomcat.util.net.NioEndpoint.initServerSocket(NioEndpoint.java:230)
		at org.apache.tomcat.util.net.NioEndpoint.bind(NioEndpoint.java:213)
		at org.apache.tomcat.util.net.AbstractEndpoint.bindWithCleanup(AbstractEndpoint.java:1124)
		at org.apache.tomcat.util.net.AbstractEndpoint.init(AbstractEndpoint.java:1137)
		at org.apache.coyote.AbstractProtocol.init(AbstractProtocol.java:575)
		at org.apache.coyote.http11.AbstractHttp11Protocol.init(AbstractHttp11Protocol.java:74)
		at org.apache.catalina.connector.Connector.initInternal(Connector.java:980)
		... 13 more
13-Nov-2019 15:55:58.533 INFO [main] org.apache.coyote.AbstractProtocol.init Initializing ProtocolHandler ["ajp-nio-8009"]
13-Nov-2019 15:55:58.539 SEVERE [main] org.apache.catalina.util.LifecycleBase.handleSubClassException Failed to initialize component [Connector[AJP/1.3-8009]]
	org.apache.catalina.LifecycleException: Protocol handler initialization failed
		at org.apache.catalina.connector.Connector.initInternal(Connector.java:983)
		at org.apache.catalina.util.LifecycleBase.init(LifecycleBase.java:136)
		at org.apache.catalina.core.StandardService.initInternal(StandardService.java:533)
		at org.apache.catalina.util.LifecycleBase.init(LifecycleBase.java:136)
		at org.apache.catalina.core.StandardServer.initInternal(StandardServer.java:1057)
		at org.apache.catalina.util.LifecycleBase.init(LifecycleBase.java:136)
		at org.apache.catalina.startup.Catalina.load(Catalina.java:584)
		at org.apache.catalina.startup.Catalina.load(Catalina.java:607)
		at sun.reflect.NativeMethodAccessorImpl.invoke0(Native Method)
		at sun.reflect.NativeMethodAccessorImpl.invoke(Unknown Source)
		at sun.reflect.DelegatingMethodAccessorImpl.invoke(Unknown Source)
		at java.lang.reflect.Method.invoke(Unknown Source)
		at org.apache.catalina.startup.Bootstrap.load(Bootstrap.java:304)
		at org.apache.catalina.startup.Bootstrap.main(Bootstrap.java:474)
	Caused by: java.net.BindException: Address already in use: bind
		at sun.nio.ch.Net.bind0(Native Method)
		at sun.nio.ch.Net.bind(Unknown Source)
		at sun.nio.ch.Net.bind(Unknown Source)
		at sun.nio.ch.ServerSocketChannelImpl.bind(Unknown Source)
		at sun.nio.ch.ServerSocketAdaptor.bind(Unknown Source)
		at org.apache.tomcat.util.net.NioEndpoint.initServerSocket(NioEndpoint.java:230)
		at org.apache.tomcat.util.net.NioEndpoint.bind(NioEndpoint.java:213)
		at org.apache.tomcat.util.net.AbstractEndpoint.bindWithCleanup(AbstractEndpoint.java:1124)
		at org.apache.tomcat.util.net.AbstractEndpoint.init(AbstractEndpoint.java:1137)
		at org.apache.coyote.AbstractProtocol.init(AbstractProtocol.java:575)
		at org.apache.catalina.connector.Connector.initInternal(Connector.java:980)
		... 13 more
13-Nov-2019 15:55:58.541 INFO [main] org.apache.catalina.startup.Catalina.load Server initialization in [1,036] milliseconds
13-Nov-2019 15:55:58.582 INFO [main] org.apache.catalina.core.StandardService.startInternal Starting service [Catalina]
13-Nov-2019 15:55:58.583 INFO [main] org.apache.catalina.core.StandardEngine.startInternal Starting Servlet engine: [Apache Tomcat/9.0.27]
13-Nov-2019 15:55:58.604 INFO [main] org.apache.catalina.startup.HostConfig.deployDirectory Deploying web application directory [E:\MasterCard\Tomcat 9.0\webapps\docs]
13-Nov-2019 15:55:58.970 INFO [main] org.apache.catalina.startup.HostConfig.deployDirectory Deployment of web application directory [E:\MasterCard\Tomcat 9.0\webapps\docs] has finished in [367] ms
13-Nov-2019 15:55:58.971 INFO [main] org.apache.catalina.startup.HostConfig.deployDirectory Deploying web application directory [E:\MasterCard\Tomcat 9.0\webapps\examples]
13-Nov-2019 15:56:00.133 INFO [main] org.apache.catalina.startup.HostConfig.deployDirectory Deployment of web application directory [E:\MasterCard\Tomcat 9.0\webapps\examples] has finished in [1,162] ms
13-Nov-2019 15:56:00.133 INFO [main] org.apache.catalina.startup.HostConfig.deployDirectory Deploying web application directory [E:\MasterCard\Tomcat 9.0\webapps\host-manager]
13-Nov-2019 15:56:00.191 INFO [main] org.apache.catalina.startup.HostConfig.deployDirectory Deployment of web application directory [E:\MasterCard\Tomcat 9.0\webapps\host-manager] has finished in [58] ms
13-Nov-2019 15:56:00.192 INFO [main] org.apache.catalina.startup.HostConfig.deployDirectory Deploying web application directory [E:\MasterCard\Tomcat 9.0\webapps\manager]
13-Nov-2019 15:56:00.263 INFO [main] org.apache.catalina.startup.HostConfig.deployDirectory Deployment of web application directory [E:\MasterCard\Tomcat 9.0\webapps\manager] has finished in [71] ms
13-Nov-2019 15:56:00.264 INFO [main] org.apache.catalina.startup.HostConfig.deployDirectory Deploying web application directory [E:\MasterCard\Tomcat 9.0\webapps\ROOT]
13-Nov-2019 15:56:00.311 INFO [main] org.apache.catalina.startup.HostConfig.deployDirectory Deployment of web application directory [E:\MasterCard\Tomcat 9.0\webapps\ROOT] has finished in [47] ms
13-Nov-2019 15:56:00.312 INFO [main] org.apache.catalina.startup.HostConfig.deployDirectory Deploying web application directory [E:\MasterCard\Tomcat 9.0\webapps\DiyaWebApp]
13-Nov-2019 15:56:00.419 INFO [main] org.apache.catalina.startup.HostConfig.deployDirectory Deployment of web application directory [E:\MasterCard\Tomcat 9.0\webapps\DiyaWebApp] has finished in [106] ms
13-Nov-2019 15:56:00.424 INFO [main] org.apache.catalina.startup.Catalina.start Server startup in [1,882] milliseconds
